[0m[[0m[0mdebug[0m] [0m[0m> Exec(;Test/compile; collectAnalyses, None, Some(CommandSource(network-1)))[0m
[0m[[0m[0mdebug[0m] [0m[0mjsonRpcNotify: JsonRpcNotificationMessage(2.0, build/logMessage, {"type":4,"message":"Processing"})[0m
[0m[[0m[0mdebug[0m] [0m[0mjsonRpcNotify: JsonRpcNotificationMessage(2.0, build/logMessage, {"type":4,"message":"Done"})[0m
[0m[[0m[0mdebug[0m] [0m[0m> Exec(Test/compile, None, Some(CommandSource(network-1)))[0m
[0m[[0m[0mdebug[0m] [0m[0mjsonRpcNotify: JsonRpcNotificationMessage(2.0, build/logMessage, {"type":4,"message":"Processing"})[0m
[0m[[0m[0mdebug[0m] [0m[0mEvaluating tasks: Test / compile[0m
[0m[[0m[0mdebug[0m] [0m[0mRunning task... Cancel: Signal, check cycles: false, forcegc: true[0m
[0m[[0m[0mdebug[0m] [0m[0mjsonRpcNotify: JsonRpcNotificationMessage(2.0, build/taskStart, {"taskId":{"id":"20","parents":[]},"eventTime":1620366071772,"message":"Compiling ut-it","dataKind":"compile-task","data":{"target":{"uri":"file:/home/knoldus/Workspace/UT-IT/#ut-it/Compile"}}})[0m
[0m[[0m[0mdebug[0m] [0m[0mjsonRpcNotify: JsonRpcNotificationMessage(2.0, build/publishDiagnostics, {"textDocument":{"uri":"file:///home/knoldus/Workspace/UT-IT/src/main/scala/com/knoldus/validator/EmailValidator.scala"},"buildTarget":{"uri":"file:/home/knoldus/Workspace/UT-IT/#ut-it/Compile"},"diagnostics":[],"reset":true})[0m
[0m[[0m[0mdebug[0m] [0m[0mjsonRpcNotify: JsonRpcNotificationMessage(2.0, build/publishDiagnostics, {"textDocument":{"uri":"file:///home/knoldus/Workspace/UT-IT/src/main/scala/com/knoldus/request/CompanyImpl.scala"},"buildTarget":{"uri":"file:/home/knoldus/Workspace/UT-IT/#ut-it/Compile"},"diagnostics":[],"reset":true})[0m
[0m[[0m[0mdebug[0m] [0m[0mjsonRpcNotify: JsonRpcNotificationMessage(2.0, build/publishDiagnostics, {"textDocument":{"uri":"file:///home/knoldus/Workspace/UT-IT/src/main/scala/com/knoldus/models/Employee.scala"},"buildTarget":{"uri":"file:/home/knoldus/Workspace/UT-IT/#ut-it/Compile"},"diagnostics":[],"reset":true})[0m
[0m[[0m[0mdebug[0m] [0m[0mjsonRpcNotify: JsonRpcNotificationMessage(2.0, build/publishDiagnostics, {"textDocument":{"uri":"file:///home/knoldus/Workspace/UT-IT/src/main/scala/com/knoldus/request/EmployeeImpl.scala"},"buildTarget":{"uri":"file:/home/knoldus/Workspace/UT-IT/#ut-it/Compile"},"diagnostics":[],"reset":true})[0m
[0m[[0m[0mdebug[0m] [0m[0mjsonRpcNotify: JsonRpcNotificationMessage(2.0, build/publishDiagnostics, {"textDocument":{"uri":"file:///home/knoldus/Workspace/UT-IT/src/main/scala/com/knoldus/validator/Palindrome.scala"},"buildTarget":{"uri":"file:/home/knoldus/Workspace/UT-IT/#ut-it/Compile"},"diagnostics":[],"reset":true})[0m
[0m[[0m[0mdebug[0m] [0m[0mjsonRpcNotify: JsonRpcNotificationMessage(2.0, build/publishDiagnostics, {"textDocument":{"uri":"file:///home/knoldus/Workspace/UT-IT/src/main/scala/com/knoldus/validator/Factorial.scala"},"buildTarget":{"uri":"file:/home/knoldus/Workspace/UT-IT/#ut-it/Compile"},"diagnostics":[],"reset":true})[0m
[0m[[0m[0mdebug[0m] [0m[0mjsonRpcNotify: JsonRpcNotificationMessage(2.0, build/publishDiagnostics, {"textDocument":{"uri":"file:///home/knoldus/Workspace/UT-IT/src/main/scala/com/knoldus/db/CompanyReadDto.scala"},"buildTarget":{"uri":"file:/home/knoldus/Workspace/UT-IT/#ut-it/Compile"},"diagnostics":[],"reset":true})[0m
[0m[[0m[0mdebug[0m] [0m[0mjsonRpcNotify: JsonRpcNotificationMessage(2.0, build/publishDiagnostics, {"textDocument":{"uri":"file:///home/knoldus/Workspace/UT-IT/src/main/scala/com/knoldus/validator/EmployeeValidator.scala"},"buildTarget":{"uri":"file:/home/knoldus/Workspace/UT-IT/#ut-it/Compile"},"diagnostics":[],"reset":true})[0m
[0m[[0m[0mdebug[0m] [0m[0mjsonRpcNotify: JsonRpcNotificationMessage(2.0, build/publishDiagnostics, {"textDocument":{"uri":"file:///home/knoldus/Workspace/UT-IT/src/main/scala/com/knoldus/models/Company.scala"},"buildTarget":{"uri":"file:/home/knoldus/Workspace/UT-IT/#ut-it/Compile"},"diagnostics":[],"reset":true})[0m
[0m[[0m[0mdebug[0m] [0m[0mjsonRpcNotify: JsonRpcNotificationMessage(2.0, build/publishDiagnostics, {"textDocument":{"uri":"file:///home/knoldus/Workspace/UT-IT/src/main/scala/com/knoldus/validator/CompanyValidator.scala"},"buildTarget":{"uri":"file:/home/knoldus/Workspace/UT-IT/#ut-it/Compile"},"diagnostics":[],"reset":true})[0m
[0m[[0m[0mdebug[0m] [0m[0mjsonRpcNotify: JsonRpcNotificationMessage(2.0, build/publishDiagnostics, {"textDocument":{"uri":"file:///home/knoldus/Workspace/UT-IT/src/main/scala/com/knoldus/validator/PasswordValidator.scala"},"buildTarget":{"uri":"file:/home/knoldus/Workspace/UT-IT/#ut-it/Compile"},"diagnostics":[],"reset":true})[0m
[0m[[0m[0mdebug[0m] [0m[0mjsonRpcNotify: JsonRpcNotificationMessage(2.0, build/publishDiagnostics, {"textDocument":{"uri":"file:///home/knoldus/Workspace/UT-IT/src/main/scala/com/knoldus/db/EmpolyeeDatabase.scala"},"buildTarget":{"uri":"file:/home/knoldus/Workspace/UT-IT/#ut-it/Compile"},"diagnostics":[],"reset":true})[0m
[0m[[0m[0mdebug[0m] [0m[0mjsonRpcNotify: JsonRpcNotificationMessage(2.0, build/taskFinish, {"taskId":{"id":"20","parents":[]},"eventTime":1620366071786,"message":"Compiled ut-it","status":1,"dataKind":"compile-report","data":{"target":{"uri":"file:/home/knoldus/Workspace/UT-IT/#ut-it/Compile"},"errors":0,"warnings":0,"time":14}})[0m
[0m[[0m[0mdebug[0m] [0m[0mjsonRpcNotify: JsonRpcNotificationMessage(2.0, build/taskStart, {"taskId":{"id":"21","parents":[]},"eventTime":1620366071791,"message":"Compiling ut-it-test","dataKind":"compile-task","data":{"target":{"uri":"file:/home/knoldus/Workspace/UT-IT/#ut-it/Test"}}})[0m
[0m[[0m[0minfo[0m] [0m[0mcompiling 6 Scala sources to /home/knoldus/Workspace/UT-IT/target/scala-2.13/test-classes ...[0m
[0m[[0m[0mdebug[0m] [0m[0mjsonRpcNotify: JsonRpcNotificationMessage(2.0, build/logMessage, {"type":3,"message":"compiling 6 Scala sources to /home/knoldus/Workspace/UT-IT/target/scala-2.13/test-classes ..."})[0m
[0m[[0m[0mdebug[0m] [0m[0mjsonRpcNotify: JsonRpcNotificationMessage(2.0, build/publishDiagnostics, {"textDocument":{"uri":"file:///home/knoldus/Workspace/UT-IT/src/test/scala/FactorialTest.scala"},"buildTarget":{"uri":"file:/home/knoldus/Workspace/UT-IT/#ut-it/Test"},"diagnostics":[{"range":{"start":{"line":7,"character":31},"end":{"line":7,"character":32}},"severity":1,"source":"sbt","message":"integer number too large"}],"reset":false})[0m
[0m[[0m[31merror[0m] [0m[0m/home/knoldus/Workspace/UT-IT/src/test/scala/FactorialTest.scala:8:32: integer number too large[0m
[0m[[0m[31merror[0m] [0m[0m    assert(fact.factorial(20)==2432902008176640000)[0m
[0m[[0m[31merror[0m] [0m[0m                               ^[0m
[0m[[0m[0mdebug[0m] [0m[0mjsonRpcNotify: JsonRpcNotificationMessage(2.0, build/logMessage, {"type":1,"message":"/home/knoldus/Workspace/UT-IT/src/test/scala/FactorialTest.scala:8:32: integer number too large"})[0m
[0m[[0m[0mdebug[0m] [0m[0mjsonRpcNotify: JsonRpcNotificationMessage(2.0, build/logMessage, {"type":1,"message":"    assert(fact.factorial(20)==2432902008176640000)"})[0m
[0m[[0m[0mdebug[0m] [0m[0mjsonRpcNotify: JsonRpcNotificationMessage(2.0, build/logMessage, {"type":1,"message":"                               ^"})[0m
[0m[[0m[31merror[0m] [0m[0mone error found[0m
[0m[[0m[0mdebug[0m] [0m[0mjsonRpcNotify: JsonRpcNotificationMessage(2.0, build/logMessage, {"type":1,"message":"one error found"})[0m
[0m[[0m[0mdebug[0m] [0m[0mjsonRpcNotify: JsonRpcNotificationMessage(2.0, build/publishDiagnostics, {"textDocument":{"uri":"file:///home/knoldus/Workspace/UT-IT/src/test/scala/PasswordValidator.scala"},"buildTarget":{"uri":"file:/home/knoldus/Workspace/UT-IT/#ut-it/Test"},"diagnostics":[],"reset":true})[0m
[0m[[0m[0mdebug[0m] [0m[0mjsonRpcNotify: JsonRpcNotificationMessage(2.0, build/publishDiagnostics, {"textDocument":{"uri":"file:///home/knoldus/Workspace/UT-IT/src/test/scala/FactorialTest.scala"},"buildTarget":{"uri":"file:/home/knoldus/Workspace/UT-IT/#ut-it/Test"},"diagnostics":[{"range":{"start":{"line":7,"character":31},"end":{"line":7,"character":32}},"severity":1,"source":"sbt","message":"integer number too large"}],"reset":true})[0m
[0m[[0m[0mdebug[0m] [0m[0mjsonRpcNotify: JsonRpcNotificationMessage(2.0, build/publishDiagnostics, {"textDocument":{"uri":"file:///home/knoldus/Workspace/UT-IT/src/test/scala/CompanyValidatorTest.scala"},"buildTarget":{"uri":"file:/home/knoldus/Workspace/UT-IT/#ut-it/Test"},"diagnostics":[],"reset":true})[0m
[0m[[0m[0mdebug[0m] [0m[0mjsonRpcNotify: JsonRpcNotificationMessage(2.0, build/publishDiagnostics, {"textDocument":{"uri":"file:///home/knoldus/Workspace/UT-IT/src/test/scala/PalindromeTest.scala"},"buildTarget":{"uri":"file:/home/knoldus/Workspace/UT-IT/#ut-it/Test"},"diagnostics":[],"reset":true})[0m
[0m[[0m[0mdebug[0m] [0m[0mjsonRpcNotify: JsonRpcNotificationMessage(2.0, build/publishDiagnostics, {"textDocument":{"uri":"file:///home/knoldus/Workspace/UT-IT/src/test/scala/EmailValidatorTest.scala"},"buildTarget":{"uri":"file:/home/knoldus/Workspace/UT-IT/#ut-it/Test"},"diagnostics":[],"reset":true})[0m
[0m[[0m[0mdebug[0m] [0m[0mjsonRpcNotify: JsonRpcNotificationMessage(2.0, build/publishDiagnostics, {"textDocument":{"uri":"file:///home/knoldus/Workspace/UT-IT/src/test/scala/EmpolyeeValidatorTest.scala"},"buildTarget":{"uri":"file:/home/knoldus/Workspace/UT-IT/#ut-it/Test"},"diagnostics":[],"reset":true})[0m
[0m[[0m[0mdebug[0m] [0m[0mjsonRpcNotify: JsonRpcNotificationMessage(2.0, build/taskFinish, {"taskId":{"id":"21","parents":[]},"eventTime":1620366071934,"message":"Compiled ut-it-test","status":2,"dataKind":"compile-report","data":{"target":{"uri":"file:/home/knoldus/Workspace/UT-IT/#ut-it/Test"},"errors":1,"warnings":0,"time":143}})[0m
[0m[[0m[31merror[0m] [0m[0m(Test / [31mcompileIncremental[0m) Compilation failed[0m
[0m[[0m[0mdebug[0m] [0m[0mjsonRpcNotify: JsonRpcNotificationMessage(2.0, build/logMessage, {"type":1,"message":"(Test / \u001b[31mcompileIncremental\u001b[0m) Compilation failed"})[0m
[0m[[0m[31merror[0m] [0m[0mTotal time: 0 s, completed 7 May 2021, 11:11:11[0m
[0m[[0m[0mdebug[0m] [0m[0mjsonRpcNotify: JsonRpcNotificationMessage(2.0, build/logMessage, {"type":4,"message":"Done"})[0m
[0m[[0m[0mdebug[0m] [0m[0m> Exec(shell, None, None)[0m
