[0m[[0m[0mdebug[0m] [0m[0m> Exec(;Test/compile; collectAnalyses, None, Some(CommandSource(network-1)))[0m
[0m[[0m[0mdebug[0m] [0m[0mjsonRpcNotify: JsonRpcNotificationMessage(2.0, build/logMessage, {"type":4,"message":"Processing"})[0m
[0m[[0m[0mdebug[0m] [0m[0mjsonRpcNotify: JsonRpcNotificationMessage(2.0, build/logMessage, {"type":4,"message":"Done"})[0m
[0m[[0m[0mdebug[0m] [0m[0m> Exec(Test/compile, None, Some(CommandSource(network-1)))[0m
[0m[[0m[0mdebug[0m] [0m[0mjsonRpcNotify: JsonRpcNotificationMessage(2.0, build/logMessage, {"type":4,"message":"Processing"})[0m
[0m[[0m[0mdebug[0m] [0m[0mEvaluating tasks: Test / compile[0m
[0m[[0m[0mdebug[0m] [0m[0mRunning task... Cancel: Signal, check cycles: false, forcegc: true[0m
[0m[[0m[0mdebug[0m] [0m[0mjsonRpcNotify: JsonRpcNotificationMessage(2.0, build/taskStart, {"taskId":{"id":"24","parents":[]},"eventTime":1620356903828,"message":"Compiling ut-it","dataKind":"compile-task","data":{"target":{"uri":"file:/home/knoldus/Workspace/UT-IT/#ut-it/Compile"}}})[0m
[0m[[0m[0mdebug[0m] [0m[0mjsonRpcNotify: JsonRpcNotificationMessage(2.0, build/publishDiagnostics, {"textDocument":{"uri":"file:///home/knoldus/Workspace/UT-IT/src/main/scala/com/knoldus/validator/EmailValidator.scala"},"buildTarget":{"uri":"file:/home/knoldus/Workspace/UT-IT/#ut-it/Compile"},"diagnostics":[],"reset":true})[0m
[0m[[0m[0mdebug[0m] [0m[0mjsonRpcNotify: JsonRpcNotificationMessage(2.0, build/publishDiagnostics, {"textDocument":{"uri":"file:///home/knoldus/Workspace/UT-IT/src/main/scala/com/knoldus/request/CompanyImpl.scala"},"buildTarget":{"uri":"file:/home/knoldus/Workspace/UT-IT/#ut-it/Compile"},"diagnostics":[],"reset":true})[0m
[0m[[0m[0mdebug[0m] [0m[0mjsonRpcNotify: JsonRpcNotificationMessage(2.0, build/publishDiagnostics, {"textDocument":{"uri":"file:///home/knoldus/Workspace/UT-IT/src/main/scala/com/knoldus/models/Employee.scala"},"buildTarget":{"uri":"file:/home/knoldus/Workspace/UT-IT/#ut-it/Compile"},"diagnostics":[],"reset":true})[0m
[0m[[0m[0mdebug[0m] [0m[0mjsonRpcNotify: JsonRpcNotificationMessage(2.0, build/publishDiagnostics, {"textDocument":{"uri":"file:///home/knoldus/Workspace/UT-IT/src/main/scala/com/knoldus/request/EmployeeImpl.scala"},"buildTarget":{"uri":"file:/home/knoldus/Workspace/UT-IT/#ut-it/Compile"},"diagnostics":[],"reset":true})[0m
[0m[[0m[0mdebug[0m] [0m[0mjsonRpcNotify: JsonRpcNotificationMessage(2.0, build/publishDiagnostics, {"textDocument":{"uri":"file:///home/knoldus/Workspace/UT-IT/src/main/scala/com/knoldus/validator/Palindrome.scala"},"buildTarget":{"uri":"file:/home/knoldus/Workspace/UT-IT/#ut-it/Compile"},"diagnostics":[],"reset":true})[0m
[0m[[0m[0mdebug[0m] [0m[0mjsonRpcNotify: JsonRpcNotificationMessage(2.0, build/publishDiagnostics, {"textDocument":{"uri":"file:///home/knoldus/Workspace/UT-IT/src/main/scala/com/knoldus/validator/Factorial.scala"},"buildTarget":{"uri":"file:/home/knoldus/Workspace/UT-IT/#ut-it/Compile"},"diagnostics":[],"reset":true})[0m
[0m[[0m[0mdebug[0m] [0m[0mjsonRpcNotify: JsonRpcNotificationMessage(2.0, build/publishDiagnostics, {"textDocument":{"uri":"file:///home/knoldus/Workspace/UT-IT/src/main/scala/com/knoldus/db/CompanyReadDto.scala"},"buildTarget":{"uri":"file:/home/knoldus/Workspace/UT-IT/#ut-it/Compile"},"diagnostics":[],"reset":true})[0m
[0m[[0m[0mdebug[0m] [0m[0mjsonRpcNotify: JsonRpcNotificationMessage(2.0, build/publishDiagnostics, {"textDocument":{"uri":"file:///home/knoldus/Workspace/UT-IT/src/main/scala/com/knoldus/validator/EmployeeValidator.scala"},"buildTarget":{"uri":"file:/home/knoldus/Workspace/UT-IT/#ut-it/Compile"},"diagnostics":[],"reset":true})[0m
[0m[[0m[0mdebug[0m] [0m[0mjsonRpcNotify: JsonRpcNotificationMessage(2.0, build/publishDiagnostics, {"textDocument":{"uri":"file:///home/knoldus/Workspace/UT-IT/src/main/scala/com/knoldus/models/Company.scala"},"buildTarget":{"uri":"file:/home/knoldus/Workspace/UT-IT/#ut-it/Compile"},"diagnostics":[],"reset":true})[0m
[0m[[0m[0mdebug[0m] [0m[0mjsonRpcNotify: JsonRpcNotificationMessage(2.0, build/publishDiagnostics, {"textDocument":{"uri":"file:///home/knoldus/Workspace/UT-IT/src/main/scala/com/knoldus/validator/CompanyValidator.scala"},"buildTarget":{"uri":"file:/home/knoldus/Workspace/UT-IT/#ut-it/Compile"},"diagnostics":[],"reset":true})[0m
[0m[[0m[0mdebug[0m] [0m[0mjsonRpcNotify: JsonRpcNotificationMessage(2.0, build/publishDiagnostics, {"textDocument":{"uri":"file:///home/knoldus/Workspace/UT-IT/src/main/scala/com/knoldus/validator/PasswordValidator.scala"},"buildTarget":{"uri":"file:/home/knoldus/Workspace/UT-IT/#ut-it/Compile"},"diagnostics":[],"reset":true})[0m
[0m[[0m[0mdebug[0m] [0m[0mjsonRpcNotify: JsonRpcNotificationMessage(2.0, build/publishDiagnostics, {"textDocument":{"uri":"file:///home/knoldus/Workspace/UT-IT/src/main/scala/com/knoldus/db/EmpolyeeDatabase.scala"},"buildTarget":{"uri":"file:/home/knoldus/Workspace/UT-IT/#ut-it/Compile"},"diagnostics":[],"reset":true})[0m
[0m[[0m[0mdebug[0m] [0m[0mjsonRpcNotify: JsonRpcNotificationMessage(2.0, build/taskFinish, {"taskId":{"id":"24","parents":[]},"eventTime":1620356903840,"message":"Compiled ut-it","status":1,"dataKind":"compile-report","data":{"target":{"uri":"file:/home/knoldus/Workspace/UT-IT/#ut-it/Compile"},"errors":0,"warnings":0,"time":12}})[0m
[0m[[0m[0mdebug[0m] [0m[0mjsonRpcNotify: JsonRpcNotificationMessage(2.0, build/taskStart, {"taskId":{"id":"25","parents":[]},"eventTime":1620356903844,"message":"Compiling ut-it-test","dataKind":"compile-task","data":{"target":{"uri":"file:/home/knoldus/Workspace/UT-IT/#ut-it/Test"}}})[0m
[0m[[0m[0minfo[0m] [0m[0mcompiling 3 Scala sources to /home/knoldus/Workspace/UT-IT/target/scala-2.13/test-classes ...[0m
[0m[[0m[0mdebug[0m] [0m[0mjsonRpcNotify: JsonRpcNotificationMessage(2.0, build/logMessage, {"type":3,"message":"compiling 3 Scala sources to /home/knoldus/Workspace/UT-IT/target/scala-2.13/test-classes ..."})[0m
[0m[[0m[0mdebug[0m] [0m[0mjsonRpcNotify: JsonRpcNotificationMessage(2.0, build/publishDiagnostics, {"textDocument":{"uri":"file:///home/knoldus/Workspace/UT-IT/src/test/scala/FactorialTest.scala"},"buildTarget":{"uri":"file:/home/knoldus/Workspace/UT-IT/#ut-it/Test"},"diagnostics":[{"range":{"start":{"line":10,"character":17},"end":{"line":10,"character":39}},"severity":1,"source":"sbt","message":"not found: type NoSuchElementExpection"}],"reset":false})[0m
[0m[[0m[31merror[0m] [0m[0m/home/knoldus/Workspace/UT-IT/src/test/scala/FactorialTest.scala:11:18: not found: type NoSuchElementExpection[0m
[0m[[0m[31merror[0m] [0m[0m    assertThrows[NoSuchElementExpection] {[0m
[0m[[0m[31merror[0m] [0m[0m                 ^[0m
[0m[[0m[0mdebug[0m] [0m[0mjsonRpcNotify: JsonRpcNotificationMessage(2.0, build/logMessage, {"type":1,"message":"/home/knoldus/Workspace/UT-IT/src/test/scala/FactorialTest.scala:11:18: not found: type NoSuchElementExpection"})[0m
[0m[[0m[0mdebug[0m] [0m[0mjsonRpcNotify: JsonRpcNotificationMessage(2.0, build/logMessage, {"type":1,"message":"    assertThrows[NoSuchElementExpection] {"})[0m
[0m[[0m[0mdebug[0m] [0m[0mjsonRpcNotify: JsonRpcNotificationMessage(2.0, build/logMessage, {"type":1,"message":"                 ^"})[0m
[0m[[0m[0mdebug[0m] [0m[0mjsonRpcNotify: JsonRpcNotificationMessage(2.0, build/publishDiagnostics, {"textDocument":{"uri":"file:///home/knoldus/Workspace/UT-IT/src/test/scala/PasswordValidator.scala"},"buildTarget":{"uri":"file:/home/knoldus/Workspace/UT-IT/#ut-it/Test"},"diagnostics":[{"range":{"start":{"line":4,"character":32},"end":{"line":4,"character":33}},"severity":1,"source":"sbt","message":"not found: type FlatSpec"}],"reset":false})[0m
[0m[[0m[31merror[0m] [0m[0m/home/knoldus/Workspace/UT-IT/src/test/scala/PasswordValidator.scala:5:33: not found: type FlatSpec[0m
[0m[[0m[31merror[0m] [0m[0mclass PasswordValidator extends FlatSpec with Matchers {[0m
[0m[[0m[31merror[0m] [0m[0m                                ^[0m
[0m[[0m[0mdebug[0m] [0m[0mjsonRpcNotify: JsonRpcNotificationMessage(2.0, build/logMessage, {"type":1,"message":"/home/knoldus/Workspace/UT-IT/src/test/scala/PasswordValidator.scala:5:33: not found: type FlatSpec"})[0m
[0m[[0m[0mdebug[0m] [0m[0mjsonRpcNotify: JsonRpcNotificationMessage(2.0, build/logMessage, {"type":1,"message":"class PasswordValidator extends FlatSpec with Matchers {"})[0m
[0m[[0m[0mdebug[0m] [0m[0mjsonRpcNotify: JsonRpcNotificationMessage(2.0, build/logMessage, {"type":1,"message":"                                ^"})[0m
[0m[[0m[0mdebug[0m] [0m[0mjsonRpcNotify: JsonRpcNotificationMessage(2.0, build/publishDiagnostics, {"textDocument":{"uri":"file:///home/knoldus/Workspace/UT-IT/src/test/scala/PasswordValidator.scala"},"buildTarget":{"uri":"file:/home/knoldus/Workspace/UT-IT/#ut-it/Test"},"diagnostics":[{"range":{"start":{"line":4,"character":46},"end":{"line":4,"character":47}},"severity":1,"source":"sbt","message":"not found: type Matchers"}],"reset":false})[0m
[0m[[0m[31merror[0m] [0m[0m/home/knoldus/Workspace/UT-IT/src/test/scala/PasswordValidator.scala:5:47: not found: type Matchers[0m
[0m[[0m[31merror[0m] [0m[0mclass PasswordValidator extends FlatSpec with Matchers {[0m
[0m[[0m[31merror[0m] [0m[0m                                              ^[0m
[0m[[0m[0mdebug[0m] [0m[0mjsonRpcNotify: JsonRpcNotificationMessage(2.0, build/logMessage, {"type":1,"message":"/home/knoldus/Workspace/UT-IT/src/test/scala/PasswordValidator.scala:5:47: not found: type Matchers"})[0m
[0m[[0m[0mdebug[0m] [0m[0mjsonRpcNotify: JsonRpcNotificationMessage(2.0, build/logMessage, {"type":1,"message":"class PasswordValidator extends FlatSpec with Matchers {"})[0m
[0m[[0m[0mdebug[0m] [0m[0mjsonRpcNotify: JsonRpcNotificationMessage(2.0, build/logMessage, {"type":1,"message":"                                              ^"})[0m
[0m[[0m[0mdebug[0m] [0m[0mjsonRpcNotify: JsonRpcNotificationMessage(2.0, build/publishDiagnostics, {"textDocument":{"uri":"file:///home/knoldus/Workspace/UT-IT/src/test/scala/PasswordValidator.scala"},"buildTarget":{"uri":"file:/home/knoldus/Workspace/UT-IT/#ut-it/Test"},"diagnostics":[{"range":{"start":{"line":5,"character":1},"end":{"line":5,"character":27}},"severity":1,"source":"sbt","message":"value should is not a member of String"}],"reset":false})[0m
[0m[[0m[31merror[0m] [0m[0m/home/knoldus/Workspace/UT-IT/src/test/scala/PasswordValidator.scala:6:22: value should is not a member of String[0m
[0m[[0m[31merror[0m] [0m[0m "PasswordValidator" should "valid" in{[0m
[0m[[0m[31merror[0m] [0m[0m                     ^[0m
[0m[[0m[0mdebug[0m] [0m[0mjsonRpcNotify: JsonRpcNotificationMessage(2.0, build/logMessage, {"type":1,"message":"/home/knoldus/Workspace/UT-IT/src/test/scala/PasswordValidator.scala:6:22: value should is not a member of String"})[0m
[0m[[0m[0mdebug[0m] [0m[0mjsonRpcNotify: JsonRpcNotificationMessage(2.0, build/logMessage, {"type":1,"message":" \"PasswordValidator\" should \"valid\" in{"})[0m
[0m[[0m[0mdebug[0m] [0m[0mjsonRpcNotify: JsonRpcNotificationMessage(2.0, build/logMessage, {"type":1,"message":"                     ^"})[0m
[0m[[0m[0mdebug[0m] [0m[0mjsonRpcNotify: JsonRpcNotificationMessage(2.0, build/publishDiagnostics, {"textDocument":{"uri":"file:///home/knoldus/Workspace/UT-IT/src/test/scala/PasswordValidator.scala"},"buildTarget":{"uri":"file:/home/knoldus/Workspace/UT-IT/#ut-it/Test"},"diagnostics":[{"range":{"start":{"line":7,"character":10},"end":{"line":7,"character":21}},"severity":1,"source":"sbt","message":"value isValid is not a member of PasswordValidator"}],"reset":false})[0m
[0m[[0m[31merror[0m] [0m[0m/home/knoldus/Workspace/UT-IT/src/test/scala/PasswordValidator.scala:8:15: value isValid is not a member of PasswordValidator[0m
[0m[[0m[31merror[0m] [0m[0m   assert(obj.isValid("1Ahjj2"==false))[0m
[0m[[0m[31merror[0m] [0m[0m              ^[0m
[0m[[0m[0mdebug[0m] [0m[0mjsonRpcNotify: JsonRpcNotificationMessage(2.0, build/logMessage, {"type":1,"message":"/home/knoldus/Workspace/UT-IT/src/test/scala/PasswordValidator.scala:8:15: value isValid is not a member of PasswordValidator"})[0m
[0m[[0m[0mdebug[0m] [0m[0mjsonRpcNotify: JsonRpcNotificationMessage(2.0, build/logMessage, {"type":1,"message":"   assert(obj.isValid(\"1Ahjj2\"==false))"})[0m
[0m[[0m[0mdebug[0m] [0m[0mjsonRpcNotify: JsonRpcNotificationMessage(2.0, build/logMessage, {"type":1,"message":"              ^"})[0m
[0m[[0m[0mdebug[0m] [0m[0mjsonRpcNotify: JsonRpcNotificationMessage(2.0, build/publishDiagnostics, {"textDocument":{"uri":"file:///home/knoldus/Workspace/UT-IT/src/test/scala/PasswordValidator.scala"},"buildTarget":{"uri":"file:/home/knoldus/Workspace/UT-IT/#ut-it/Test"},"diagnostics":[{"range":{"start":{"line":8,"character":10},"end":{"line":8,"character":21}},"severity":1,"source":"sbt","message":"value isValid is not a member of PasswordValidator"}],"reset":false})[0m
[0m[[0m[31merror[0m] [0m[0m/home/knoldus/Workspace/UT-IT/src/test/scala/PasswordValidator.scala:9:15: value isValid is not a member of PasswordValidator[0m
[0m[[0m[31merror[0m] [0m[0m   assert(obj.isValid("Agjjj1234@3"==true))[0m
[0m[[0m[31merror[0m] [0m[0m              ^[0m
[0m[[0m[0mdebug[0m] [0m[0mjsonRpcNotify: JsonRpcNotificationMessage(2.0, build/logMessage, {"type":1,"message":"/home/knoldus/Workspace/UT-IT/src/test/scala/PasswordValidator.scala:9:15: value isValid is not a member of PasswordValidator"})[0m
[0m[[0m[0mdebug[0m] [0m[0mjsonRpcNotify: JsonRpcNotificationMessage(2.0, build/logMessage, {"type":1,"message":"   assert(obj.isValid(\"Agjjj1234@3\"==true))"})[0m
[0m[[0m[0mdebug[0m] [0m[0mjsonRpcNotify: JsonRpcNotificationMessage(2.0, build/logMessage, {"type":1,"message":"              ^"})[0m
[0m[[0m[31merror[0m] [0m[0m6 errors found[0m
[0m[[0m[0mdebug[0m] [0m[0mjsonRpcNotify: JsonRpcNotificationMessage(2.0, build/logMessage, {"type":1,"message":"6 errors found"})[0m
[0m[[0m[0mdebug[0m] [0m[0mjsonRpcNotify: JsonRpcNotificationMessage(2.0, build/publishDiagnostics, {"textDocument":{"uri":"file:///home/knoldus/Workspace/UT-IT/src/test/scala/PasswordValidator.scala"},"buildTarget":{"uri":"file:/home/knoldus/Workspace/UT-IT/#ut-it/Test"},"diagnostics":[{"range":{"start":{"line":4,"character":32},"end":{"line":4,"character":33}},"severity":1,"source":"sbt","message":"not found: type FlatSpec"},{"range":{"start":{"line":4,"character":46},"end":{"line":4,"character":47}},"severity":1,"source":"sbt","message":"not found: type Matchers"},{"range":{"start":{"line":5,"character":1},"end":{"line":5,"character":27}},"severity":1,"source":"sbt","message":"value should is not a member of String"},{"range":{"start":{"line":7,"character":10},"end":{"line":7,"character":21}},"severity":1,"source":"sbt","message":"value isValid is not a member of PasswordValidator"},{"range":{"start":{"line":8,"character":10},"end":{"line":8,"character":21}},"severity":1,"source":"sbt","message":"value isValid is not a member of PasswordValidator"}],"reset":true})[0m
[0m[[0m[0mdebug[0m] [0m[0mjsonRpcNotify: JsonRpcNotificationMessage(2.0, build/publishDiagnostics, {"textDocument":{"uri":"file:///home/knoldus/Workspace/UT-IT/src/test/scala/FactorialTest.scala"},"buildTarget":{"uri":"file:/home/knoldus/Workspace/UT-IT/#ut-it/Test"},"diagnostics":[{"range":{"start":{"line":10,"character":17},"end":{"line":10,"character":39}},"severity":1,"source":"sbt","message":"not found: type NoSuchElementExpection"}],"reset":true})[0m
[0m[[0m[0mdebug[0m] [0m[0mjsonRpcNotify: JsonRpcNotificationMessage(2.0, build/publishDiagnostics, {"textDocument":{"uri":"file:///home/knoldus/Workspace/UT-IT/src/test/scala/PalindromeTest.scala"},"buildTarget":{"uri":"file:/home/knoldus/Workspace/UT-IT/#ut-it/Test"},"diagnostics":[],"reset":true})[0m
[0m[[0m[0mdebug[0m] [0m[0mjsonRpcNotify: JsonRpcNotificationMessage(2.0, build/taskFinish, {"taskId":{"id":"25","parents":[]},"eventTime":1620356904154,"message":"Compiled ut-it-test","status":2,"dataKind":"compile-report","data":{"target":{"uri":"file:/home/knoldus/Workspace/UT-IT/#ut-it/Test"},"errors":6,"warnings":0,"time":310}})[0m
[0m[[0m[31merror[0m] [0m[0m(Test / [31mcompileIncremental[0m) Compilation failed[0m
[0m[[0m[0mdebug[0m] [0m[0mjsonRpcNotify: JsonRpcNotificationMessage(2.0, build/logMessage, {"type":1,"message":"(Test / \u001b[31mcompileIncremental\u001b[0m) Compilation failed"})[0m
[0m[[0m[31merror[0m] [0m[0mTotal time: 0 s, completed 7 May 2021, 08:38:24[0m
[0m[[0m[0mdebug[0m] [0m[0mjsonRpcNotify: JsonRpcNotificationMessage(2.0, build/logMessage, {"type":4,"message":"Done"})[0m
[0m[[0m[0mdebug[0m] [0m[0m> Exec(shell, None, None)[0m
[0m[[0m[0mdebug[0m] [0m[0mForcing garbage collection...[0m
