[0m[[0m[0mdebug[0m] [0m[0m> Exec(run, Some(1434b875-1791-44c9-b1ea-1827c3282995), Some(CommandSource(console0)))[0m
[0m[[0m[0mdebug[0m] [0m[0mEvaluating tasks: Compile / run[0m
[0m[[0m[0mdebug[0m] [0m[0mRunning task... Cancel: Signal, check cycles: false, forcegc: true[0m
[0m[[0m[0mdebug[0m] [0m[0mjsonRpcNotify: JsonRpcNotificationMessage(2.0, build/taskStart, {"taskId":{"id":"58","parents":[]},"eventTime":1620332406057,"message":"Compiling ut-it","dataKind":"compile-task","data":{"target":{"uri":"file:/home/knoldus/Workspace/UT-IT/#ut-it/Compile"}}})[0m
[0m[[0m[0minfo[0m] [0m[0mcompiling 1 Scala source to /home/knoldus/Workspace/UT-IT/target/scala-2.13/classes ...[0m
[0m[[0m[0mdebug[0m] [0m[0mjsonRpcNotify: JsonRpcNotificationMessage(2.0, build/logMessage, {"type":3,"message":"compiling 1 Scala source to /home/knoldus/Workspace/UT-IT/target/scala-2.13/classes ..."})[0m
[0m[[0m[0mdebug[0m] [0m[0mjsonRpcNotify: JsonRpcNotificationMessage(2.0, build/publishDiagnostics, {"textDocument":{"uri":"file:///home/knoldus/Workspace/UT-IT/src/main/scala/com/knoldus/validator/EmailValidator.scala"},"buildTarget":{"uri":"file:/home/knoldus/Workspace/UT-IT/#ut-it/Compile"},"diagnostics":[],"reset":true})[0m
[0m[[0m[0mdebug[0m] [0m[0mjsonRpcNotify: JsonRpcNotificationMessage(2.0, build/publishDiagnostics, {"textDocument":{"uri":"file:///home/knoldus/Workspace/UT-IT/src/main/scala/com/knoldus/request/CompanyImpl.scala"},"buildTarget":{"uri":"file:/home/knoldus/Workspace/UT-IT/#ut-it/Compile"},"diagnostics":[],"reset":true})[0m
[0m[[0m[0mdebug[0m] [0m[0mjsonRpcNotify: JsonRpcNotificationMessage(2.0, build/publishDiagnostics, {"textDocument":{"uri":"file:///home/knoldus/Workspace/UT-IT/src/main/scala/com/knoldus/models/Employee.scala"},"buildTarget":{"uri":"file:/home/knoldus/Workspace/UT-IT/#ut-it/Compile"},"diagnostics":[],"reset":true})[0m
[0m[[0m[0mdebug[0m] [0m[0mjsonRpcNotify: JsonRpcNotificationMessage(2.0, build/publishDiagnostics, {"textDocument":{"uri":"file:///home/knoldus/Workspace/UT-IT/src/main/scala/com/knoldus/request/EmployeeImpl.scala"},"buildTarget":{"uri":"file:/home/knoldus/Workspace/UT-IT/#ut-it/Compile"},"diagnostics":[],"reset":true})[0m
[0m[[0m[0mdebug[0m] [0m[0mjsonRpcNotify: JsonRpcNotificationMessage(2.0, build/publishDiagnostics, {"textDocument":{"uri":"file:///home/knoldus/Workspace/UT-IT/src/main/scala/com/knoldus/validator/Palindrome.scala"},"buildTarget":{"uri":"file:/home/knoldus/Workspace/UT-IT/#ut-it/Compile"},"diagnostics":[],"reset":true})[0m
[0m[[0m[0mdebug[0m] [0m[0mjsonRpcNotify: JsonRpcNotificationMessage(2.0, build/publishDiagnostics, {"textDocument":{"uri":"file:///home/knoldus/Workspace/UT-IT/src/main/scala/com/knoldus/validator/Factorial.scala"},"buildTarget":{"uri":"file:/home/knoldus/Workspace/UT-IT/#ut-it/Compile"},"diagnostics":[],"reset":true})[0m
[0m[[0m[0mdebug[0m] [0m[0mjsonRpcNotify: JsonRpcNotificationMessage(2.0, build/publishDiagnostics, {"textDocument":{"uri":"file:///home/knoldus/Workspace/UT-IT/src/main/scala/com/knoldus/db/CompanyReadDto.scala"},"buildTarget":{"uri":"file:/home/knoldus/Workspace/UT-IT/#ut-it/Compile"},"diagnostics":[],"reset":true})[0m
[0m[[0m[0mdebug[0m] [0m[0mjsonRpcNotify: JsonRpcNotificationMessage(2.0, build/publishDiagnostics, {"textDocument":{"uri":"file:///home/knoldus/Workspace/UT-IT/src/main/scala/com/knoldus/validator/EmployeeValidator.scala"},"buildTarget":{"uri":"file:/home/knoldus/Workspace/UT-IT/#ut-it/Compile"},"diagnostics":[],"reset":true})[0m
[0m[[0m[0mdebug[0m] [0m[0mjsonRpcNotify: JsonRpcNotificationMessage(2.0, build/publishDiagnostics, {"textDocument":{"uri":"file:///home/knoldus/Workspace/UT-IT/src/main/scala/com/knoldus/models/Company.scala"},"buildTarget":{"uri":"file:/home/knoldus/Workspace/UT-IT/#ut-it/Compile"},"diagnostics":[],"reset":true})[0m
[0m[[0m[0mdebug[0m] [0m[0mjsonRpcNotify: JsonRpcNotificationMessage(2.0, build/publishDiagnostics, {"textDocument":{"uri":"file:///home/knoldus/Workspace/UT-IT/src/main/scala/com/knoldus/validator/CompanyValidator.scala"},"buildTarget":{"uri":"file:/home/knoldus/Workspace/UT-IT/#ut-it/Compile"},"diagnostics":[],"reset":true})[0m
[0m[[0m[0mdebug[0m] [0m[0mjsonRpcNotify: JsonRpcNotificationMessage(2.0, build/publishDiagnostics, {"textDocument":{"uri":"file:///home/knoldus/Workspace/UT-IT/src/main/scala/com/knoldus/validator/PasswordValidator.scala"},"buildTarget":{"uri":"file:/home/knoldus/Workspace/UT-IT/#ut-it/Compile"},"diagnostics":[],"reset":true})[0m
[0m[[0m[0mdebug[0m] [0m[0mjsonRpcNotify: JsonRpcNotificationMessage(2.0, build/publishDiagnostics, {"textDocument":{"uri":"file:///home/knoldus/Workspace/UT-IT/src/main/scala/com/knoldus/db/EmpolyeeDatabase.scala"},"buildTarget":{"uri":"file:/home/knoldus/Workspace/UT-IT/#ut-it/Compile"},"diagnostics":[],"reset":true})[0m
[0m[[0m[0mdebug[0m] [0m[0mjsonRpcNotify: JsonRpcNotificationMessage(2.0, build/taskFinish, {"taskId":{"id":"58","parents":[]},"eventTime":1620332406333,"message":"Compiled ut-it","status":1,"dataKind":"compile-report","data":{"target":{"uri":"file:/home/knoldus/Workspace/UT-IT/#ut-it/Compile"},"errors":0,"warnings":0,"time":276}})[0m
[0m[[0m[0mdebug[0m] [0m[0mjsonRpcNotify: JsonRpcNotificationMessage(2.0, build/logMessage, {"type":3,"message":"running Main4 "})[0m
[0m[[0m[0mdebug[0m] [0m[0mjsonRpcNotify: JsonRpcNotificationMessage(2.0, build/logMessage, {"type":4,"message":"Waiting for threads to exit or System.exit to be called."})[0m
[0m[[0m[0mdebug[0m] [0m[0mjsonRpcNotify: JsonRpcNotificationMessage(2.0, build/logMessage, {"type":4,"message":"  Classpath:\n\t/home/knoldus/Workspace/UT-IT/target/bg-jobs/sbt_ed20f392/job-39/target/e3fd51d3/d1fe6db1/ut-it_2.13-0.1.jar\n\t/home/knoldus/Workspace/UT-IT/target/bg-jobs/sbt_ed20f392/target/5aed48ff/3588b5ba/scala-library-2.13.4.jar"})[0m
[0m[[0m[0mdebug[0m] [0m[0mjsonRpcNotify: JsonRpcNotificationMessage(2.0, build/logMessage, {"type":4,"message":"Waiting for thread run-main-26 to terminate."})[0m
[0m[[0m[0mdebug[0m] [0m[0mjsonRpcNotify: JsonRpcNotificationMessage(2.0, build/logMessage, {"type":4,"message":"\tThread run-main-26 exited."})[0m
[0m[[0m[0mdebug[0m] [0m[0mjsonRpcNotify: JsonRpcNotificationMessage(2.0, build/logMessage, {"type":4,"message":"Interrupting remaining threads (should be all daemons)."})[0m
[0m[[0m[0mdebug[0m] [0m[0mjsonRpcNotify: JsonRpcNotificationMessage(2.0, build/logMessage, {"type":4,"message":"Sandboxed run complete.."})[0m
[0m[[0m[0mdebug[0m] [0m[0mjsonRpcNotify: JsonRpcNotificationMessage(2.0, build/logMessage, {"type":4,"message":"Exited with code 0"})[0m
[0m[[0m[32msuccess[0m] [0m[0mTotal time: 0 s, completed 7 May 2021, 01:50:06[0m
[0m[[0m[0mdebug[0m] [0m[0m> Exec(shell, None, None)[0m
[0m[[0m[0mdebug[0m] [0m[0mlsp-definition json request: {"textDocument":{"uri":"file:///home/knoldus/Workspace/UT-IT/src/test/scala/FactorialTest.scala"},"position":{"line":7,"character":8}}[0m
[0m[[0m[0mdebug[0m] [0m[0mlsp-definition found line:   }[0m
[0m[[0m[0minfo[0m] [0m[0mSymbol not found in definition request {"textDocument":{"uri":"file:///home/knoldus/Workspace/UT-IT/src/test/scala/FactorialTest.scala"},"position":{"line":7,"character":8}}[0m
[0m[[0m[0mdebug[0m] [0m[0mlsp-definition json request: {"textDocument":{"uri":"file:///home/knoldus/Workspace/UT-IT/src/test/scala/FactorialTest.scala"},"position":{"line":7,"character":16}}[0m
[0m[[0m[0mdebug[0m] [0m[0mlsp-definition found line:   }[0m
[0m[[0m[0minfo[0m] [0m[0mSymbol not found in definition request {"textDocument":{"uri":"file:///home/knoldus/Workspace/UT-IT/src/test/scala/FactorialTest.scala"},"position":{"line":7,"character":16}}[0m
